d:\大三\專題\inter\shogi - 單測版\shogi\debug\vc140.pdb
d:\大三\專題\inter\shogi - 單測版\shogi\debug\vc140.idb
d:\大三\專題\inter\shogi - 單測版\shogi\debug\gui.obj
d:\大三\專題\inter\shogi - 單測版\shogi\debug\main.obj
d:\大三\專題\inter\介面更新版\shogi\debug\vc140.pdb
d:\大三\專題\inter\介面更新版\shogi\debug\vc140.idb
d:\大三\專題\inter\介面更新版\shogi\debug\gui.obj
d:\大三\專題\inter\shogi - 單測版\debug\shogi.ilk
d:\大三\專題\inter\shogi - 單測版\debug\shogi.exe
d:\大三\專題\inter\shogi - 單測版\debug\shogi.pdb
d:\大三\專題\inter\介面更新版\debug\shogi.ilk
d:\大三\專題\inter\介面更新版\debug\shogi.exe
d:\大三\專題\inter\介面更新版\debug\shogi.pdb
d:\大三\專題\inter\shogi - 單測版\shogi\debug\shogi.res
d:\大三\專題\inter\介面更新版\shogi\debug\ai.obj
d:\大三\專題\inter\介面更新版\shogi\debug\board.obj
d:\大三\專題\inter\介面更新版\shogi\debug\draws.obj
d:\大三\專題\inter\介面更新版\shogi\debug\minishogi.obj
d:\大三\專題\inter\介面更新版\shogi\debug\movegene.obj
d:\大三\專題\inter\介面更新版\shogi\debug\observer.obj
d:\大三\專題\inter\介面更新版\shogi\debug\zobrist.obj
d:\大三\專題\inter\介面更新版\shogi\debug\gui.obj.enc
d:\大三\專題\inter\介面更新版\shogi\debug\shogi.res
d:\大三\專題\inter\介面更新版\shogi\debug\shogi.tlog\cl.command.1.tlog
d:\大三\專題\inter\介面更新版\shogi\debug\shogi.tlog\cl.read.1.tlog
d:\大三\專題\inter\介面更新版\shogi\debug\shogi.tlog\cl.write.1.tlog
d:\大三\專題\inter\介面更新版\shogi\debug\shogi.tlog\link.command.1.tlog
d:\大三\專題\inter\介面更新版\shogi\debug\shogi.tlog\link.read.1.tlog
d:\大三\專題\inter\介面更新版\shogi\debug\shogi.tlog\link.write.1.tlog
d:\大三\專題\inter\介面更新版\shogi\debug\shogi.tlog\rc.command.1.tlog
d:\大三\專題\inter\介面更新版\shogi\debug\shogi.tlog\rc.read.1.tlog
d:\大三\專題\inter\介面更新版\shogi\debug\shogi.tlog\rc.write.1.tlog
